#
# There is insufficient memory for the Java Runtime Environment to continue.
# Native memory allocation (malloc) failed to allocate 1048576 bytes for AllocateHeap
# Possible reasons:
#   The system is out of physical RAM or swap space
#   The process is running with CompressedOops enabled, and the Java Heap may be blocking the growth of the native heap
# Possible solutions:
#   Reduce memory load on the system
#   Increase physical memory or swap space
#   Check if swap backing store is full
#   Decrease Java heap size (-Xmx/-Xms)
#   Decrease number of Java threads
#   Decrease Java thread stack sizes (-Xss)
#   Set larger code cache with -XX:ReservedCodeCacheSize=
#   JVM is running with Unscaled Compressed Oops mode in which the Java heap is
#     placed in the first 4GB address space. The Java Heap base address is the
#     maximum limit for the native heap growth. Please use -XX:HeapBaseMinAddress
#     to set the Java Heap base and to place the Java Heap above 4GB virtual address.
# This output file may be truncated or incomplete.
#
#  Out of Memory Error (./open/src/hotspot/share/memory/allocation.cpp:44), pid=6472, tid=6840
#
# JRE version: Java(TM) SE Runtime Environment (14.0.2+12) (build 14.0.2+12-46)
# Java VM: Java HotSpot(TM) 64-Bit Server VM (14.0.2+12-46, mixed mode, tiered, compressed oops, g1 gc, windows-amd64)
# No core dump will be written. Minidumps are not enabled by default on client versions of Windows
#

---------------  S U M M A R Y ------------

Command Line: -XX:TieredStopAtLevel=1 -Xverify:none -Dspring.output.ansi.enabled=always -Dcom.sun.management.jmxremote -Dspring.jmx.enabled=true -Dspring.liveBeansView.mbeanDomain -Dspring.application.admin.enabled=true -javaagent:D:\ideaIU-2020.1.windows\lib\idea_rt.jar=58443:D:\ideaIU-2020.1.windows\bin -Dfile.encoding=UTF-8 net.rudikone.springbootsecurity.SpringBootSecurityApplication

Host: AMD Ryzen 5 3500U with Radeon Vega Mobile Gfx  , 8 cores, 6G,  Windows 10 , 64 bit Build 18362 (10.0.18362.1110)
Time: Tue Dec 15 20:49:26 2020 RTZ 2 (ceia) elapsed time: 0 seconds (0d 0h 0m 0s)

---------------  T H R E A D  ---------------

Current thread (0x000001a2e324f000):  VMThread "VM Thread" [stack: 0x0000000f62000000,0x0000000f62100000] [id=6840]

Stack: [0x0000000f62000000,0x0000000f62100000]
[error occurred during error reporting (printing stack bounds), id 0xc0000005, EXCEPTION_ACCESS_VIOLATION (0xc0000005) at pc=0x000001a2cd2b10ad]

Native frames: (J=compiled Java code, j=interpreted, Vv=VM code, C=native code)
V  [jvm.dll+0x5f8a9a]
V  [jvm.dll+0x74247a]
V  [jvm.dll+0x743c2f]
V  [jvm.dll+0x7441d5]
V  [jvm.dll+0x74418b]
V  [jvm.dll+0x5f7f6f]
V  [jvm.dll+0x5f8738]
C  [ntdll.dll+0xa184f]
C  [ntdll.dll+0x6a889]
C  [ntdll.dll+0xa04be]
C  0x000001a2cd2b10ad

VM_Operation (0x0000000f61afd120): CollectForMetadataAllocation, mode: safepoint, requested by thread 0x000001a2c4b1d000


---------------  P R O C E S S  ---------------

Threads class SMR info:
_java_thread_list=0x000001a2c0c70a00, length=9, elements={
0x000001a2c4b1d000, 0x000001a2e3251000, 0x000001a2e3252000, 0x000001a2c0b86800,
0x000001a2c0b87800, 0x000001a2c0b53000, 0x000001a2c0b54000, 0x000001a2e325e800,
0x000001a2e31e8800
}

Java Threads: ( => current thread )
  0x000001a2c4b1d000 JavaThread "main" [_thread_blocked, id=11372, stack(0x0000000f61a00000,0x0000000f61b00000)]
  0x000001a2e3251000 JavaThread "Reference Handler" daemon [_thread_blocked, id=11712, stack(0x0000000f62100000,0x0000000f62200000)]
  0x000001a2e3252000 JavaThread "Finalizer" daemon [_thread_blocked, id=14248, stack(0x0000000f62200000,0x0000000f62300000)]
  0x000001a2c0b86800 JavaThread "Signal Dispatcher" daemon [_thread_blocked, id=4876, stack(0x0000000f62300000,0x0000000f62400000)]
  0x000001a2c0b87800 JavaThread "Attach Listener" daemon [_thread_blocked, id=9872, stack(0x0000000f62400000,0x0000000f62500000)]
  0x000001a2c0b53000 JavaThread "Service Thread" daemon [_thread_blocked, id=11340, stack(0x0000000f62500000,0x0000000f62600000)]
  0x000001a2c0b54000 JavaThread "C1 CompilerThread0" daemon [_thread_blocked, id=4660, stack(0x0000000f62600000,0x0000000f62700000)]
  0x000001a2e325e800 JavaThread "Sweeper thread" daemon [_thread_blocked, id=11936, stack(0x0000000f62700000,0x0000000f62800000)]
  0x000001a2e31e8800 JavaThread "Common-Cleaner" daemon [_thread_blocked, id=5868, stack(0x0000000f62800000,0x0000000f62900000)]

Other Threads:
=>0x000001a2e324f000 VMThread "VM Thread" [stack: 0x0000000f62000000,0x0000000f62100000] [id=6840]
  0x000001a2c4b57000 GCTaskThread "GC Thread#0" [stack: 0x0000000f61b00000,0x0000000f61c00000] [id=13396]
  0x000001a2c0d48000 GCTaskThread "GC Thread#1" [stack: 0x0000000f62900000,0x0000000f62a00000] [id=11808]
  0x000001a2c4b67800 ConcurrentGCThread "G1 Main Marker" [stack: 0x0000000f61c00000,0x0000000f61d00000] [id=8268]
  0x000001a2c4b69000 ConcurrentGCThread "G1 Conc#0" [stack: 0x0000000f61d00000,0x0000000f61e00000] [id=7752]
  0x000001a2e3071800 ConcurrentGCThread "G1 Refine#0" [stack: 0x0000000f61e00000,0x0000000f61f00000] [id=7776]
  0x000001a2e3072000 ConcurrentGCThread "G1 Young RemSet Sampling" [stack: 0x0000000f61f00000,0x0000000f62000000] [id=9604]

Threads with active compile tasks:

VM state:at safepoint (normal execution)

VM Mutex/Monitor currently owned by a thread:  ([mutex/lock_event])
[0x000001a2c4b19370] Threads_lock - owner thread: 0x000001a2e324f000
[0x000001a2c4b195b0] Heap_lock - owner thread: 0x000001a2c4b1d000

Heap address: 0x0000000091000000, size: 1776 MB, Compressed Oops mode: 32-bit
Narrow klass base: 0x0000000000000000, Narrow klass shift: 3
Compressed class space size: 1073741824 Address: 0x0000000100000000

Heap:
 garbage-first heap   total 114688K, used 736K [0x0000000091000000, 0x0000000100000000)
  region size 1024K, 1 young (1024K), 1 survivors (1024K)
 Metaspace       used 4987K, capacity 5004K, committed 5120K, reserved 1069056K
  class space    used 430K, capacity 439K, committed 512K, reserved 1048576K
Heap Regions: E=young(eden), S=young(survivor), O=old, HS=humongous(starts), HC=humongous(continues), CS=collection set, F=free, OA=open archive, CA=closed archive, TAMS=top-at-mark-start (previous, next)
|   0|0x0000000091000000, 0x0000000091000000, 0x0000000091100000|  0%| F|  |TAMS 0x0000000091000000, 0x0000000091000000| Untracked 
|   1|0x0000000091100000, 0x0000000091100000, 0x0000000091200000|  0%| F|  |TAMS 0x0000000091100000, 0x0000000091100000| Untracked 
|   2|0x0000000091200000, 0x0000000091200000, 0x0000000091300000|  0%| F|  |TAMS 0x0000000091200000, 0x0000000091200000| Untracked 
|   3|0x0000000091300000, 0x0000000091300000, 0x0000000091400000|  0%| F|  |TAMS 0x0000000091300000, 0x0000000091300000| Untracked 
|   4|0x0000000091400000, 0x0000000091400000, 0x0000000091500000|  0%| F|  |TAMS 0x0000000091400000, 0x0000000091400000| Untracked 
|   5|0x0000000091500000, 0x0000000091500000, 0x0000000091600000|  0%| F|  |TAMS 0x0000000091500000, 0x0000000091500000| Untracked 
|   6|0x0000000091600000, 0x0000000091600000, 0x0000000091700000|  0%| F|  |TAMS 0x0000000091600000, 0x0000000091600000| Untracked 
|   7|0x0000000091700000, 0x0000000091700000, 0x0000000091800000|  0%| F|  |TAMS 0x0000000091700000, 0x0000000091700000| Untracked 
|   8|0x0000000091800000, 0x0000000091800000, 0x0000000091900000|  0%| F|  |TAMS 0x0000000091800000, 0x0000000091800000| Untracked 
|   9|0x0000000091900000, 0x0000000091900000, 0x0000000091a00000|  0%| F|  |TAMS 0x0000000091900000, 0x0000000091900000| Untracked 
|  10|0x0000000091a00000, 0x0000000091a00000, 0x0000000091b00000|  0%| F|  |TAMS 0x0000000091a00000, 0x0000000091a00000| Untracked 
|  11|0x0000000091b00000, 0x0000000091b00000, 0x0000000091c00000|  0%| F|  |TAMS 0x0000000091b00000, 0x0000000091b00000| Untracked 
|  12|0x0000000091c00000, 0x0000000091c00000, 0x0000000091d00000|  0%| F|  |TAMS 0x0000000091c00000, 0x0000000091c00000| Untracked 
|  13|0x0000000091d00000, 0x0000000091d00000, 0x0000000091e00000|  0%| F|  |TAMS 0x0000000091d00000, 0x0000000091d00000| Untracked 
|  14|0x0000000091e00000, 0x0000000091e00000, 0x0000000091f00000|  0%| F|  |TAMS 0x0000000091e00000, 0x0000000091e00000| Untracked 
|  15|0x0000000091f00000, 0x0000000091f00000, 0x0000000092000000|  0%| F|  |TAMS 0x0000000091f00000, 0x0000000091f00000| Untracked 
|  16|0x0000000092000000, 0x0000000092000000, 0x0000000092100000|  0%| F|  |TAMS 0x0000000092000000, 0x0000000092000000| Untracked 
|  17|0x0000000092100000, 0x0000000092100000, 0x0000000092200000|  0%| F|  |TAMS 0x0000000092100000, 0x0000000092100000| Untracked 
|  18|0x0000000092200000, 0x0000000092200000, 0x0000000092300000|  0%| F|  |TAMS 0x0000000092200000, 0x0000000092200000| Untracked 
|  19|0x0000000092300000, 0x0000000092300000, 0x0000000092400000|  0%| F|  |TAMS 0x0000000092300000, 0x0000000092300000| Untracked 
|  20|0x0000000092400000, 0x0000000092400000, 0x0000000092500000|  0%| F|  |TAMS 0x0000000092400000, 0x0000000092400000| Untracked 
|  21|0x0000000092500000, 0x0000000092500000, 0x0000000092600000|  0%| F|  |TAMS 0x0000000092500000, 0x0000000092500000| Untracked 
|  22|0x0000000092600000, 0x0000000092600000, 0x0000000092700000|  0%| F|  |TAMS 0x0000000092600000, 0x0000000092600000| Untracked 
|  23|0x0000000092700000, 0x0000000092700000, 0x0000000092800000|  0%| F|  |TAMS 0x0000000092700000, 0x0000000092700000| Untracked 
|  24|0x0000000092800000, 0x0000000092800000, 0x0000000092900000|  0%| F|  |TAMS 0x0000000092800000, 0x0000000092800000| Untracked 
|  25|0x0000000092900000, 0x0000000092900000, 0x0000000092a00000|  0%| F|  |TAMS 0x0000000092900000, 0x0000000092900000| Untracked 
|  26|0x0000000092a00000, 0x0000000092a00000, 0x0000000092b00000|  0%| F|  |TAMS 0x0000000092a00000, 0x0000000092a00000| Untracked 
|  27|0x0000000092b00000, 0x0000000092b00000, 0x0000000092c00000|  0%| F|  |TAMS 0x0000000092b00000, 0x0000000092b00000| Untracked 
|  28|0x0000000092c00000, 0x0000000092c00000, 0x0000000092d00000|  0%| F|  |TAMS 0x0000000092c00000, 0x0000000092c00000| Untracked 
|  29|0x0000000092d00000, 0x0000000092d00000, 0x0000000092e00000|  0%| F|  |TAMS 0x0000000092d00000, 0x0000000092d00000| Untracked 
|  30|0x0000000092e00000, 0x0000000092e00000, 0x0000000092f00000|  0%| F|  |TAMS 0x0000000092e00000, 0x0000000092e00000| Untracked 
|  31|0x0000000092f00000, 0x0000000092f00000, 0x0000000093000000|  0%| F|  |TAMS 0x0000000092f00000, 0x0000000092f00000| Untracked 
|  32|0x0000000093000000, 0x0000000093000000, 0x0000000093100000|  0%| F|  |TAMS 0x0000000093000000, 0x0000000093000000| Untracked 
|  33|0x0000000093100000, 0x0000000093100000, 0x0000000093200000|  0%| F|  |TAMS 0x0000000093100000, 0x0000000093100000| Untracked 
|  34|0x0000000093200000, 0x0000000093200000, 0x0000000093300000|  0%| F|  |TAMS 0x0000000093200000, 0x0000000093200000| Untracked 
|  35|0x0000000093300000, 0x0000000093300000, 0x0000000093400000|  0%| F|  |TAMS 0x0000000093300000, 0x0000000093300000| Untracked 
|  36|0x0000000093400000, 0x0000000093400000, 0x0000000093500000|  0%| F|  |TAMS 0x0000000093400000, 0x0000000093400000| Untracked 
|  37|0x0000000093500000, 0x0000000093500000, 0x0000000093600000|  0%| F|  |TAMS 0x0000000093500000, 0x0000000093500000| Untracked 
|  38|0x0000000093600000, 0x0000000093600000, 0x0000000093700000|  0%| F|  |TAMS 0x0000000093600000, 0x0000000093600000| Untracked 
|  39|0x0000000093700000, 0x0000000093700000, 0x0000000093800000|  0%| F|  |TAMS 0x0000000093700000, 0x0000000093700000| Untracked 
|  40|0x0000000093800000, 0x0000000093800000, 0x0000000093900000|  0%| F|  |TAMS 0x0000000093800000, 0x0000000093800000| Untracked 
|  41|0x0000000093900000, 0x0000000093900000, 0x0000000093a00000|  0%| F|  |TAMS 0x0000000093900000, 0x0000000093900000| Untracked 
|  42|0x0000000093a00000, 0x0000000093a00000, 0x0000000093b00000|  0%| F|  |TAMS 0x0000000093a00000, 0x0000000093a00000| Untracked 
|  43|0x0000000093b00000, 0x0000000093b00000, 0x0000000093c00000|  0%| F|  |TAMS 0x0000000093b00000, 0x0000000093b00000| Untracked 
|  44|0x0000000093c00000, 0x0000000093c00000, 0x0000000093d00000|  0%| F|  |TAMS 0x0000000093c00000, 0x0000000093c00000| Untracked 
|  45|0x0000000093d00000, 0x0000000093d00000, 0x0000000093e00000|  0%| F|  |TAMS 0x0000000093d00000, 0x0000000093d00000| Untracked 
|  46|0x0000000093e00000, 0x0000000093e00000, 0x0000000093f00000|  0%| F|  |TAMS 0x0000000093e00000, 0x0000000093e00000| Untracked 
|  47|0x0000000093f00000, 0x0000000093f00000, 0x0000000094000000|  0%| F|  |TAMS 0x0000000093f00000, 0x0000000093f00000| Untracked 
|  48|0x0000000094000000, 0x0000000094000000, 0x0000000094100000|  0%| F|  |TAMS 0x0000000094000000, 0x0000000094000000| Untracked 
|  49|0x0000000094100000, 0x0000000094100000, 0x0000000094200000|  0%| F|  |TAMS 0x0000000094100000, 0x0000000094100000| Untracked 
|  50|0x0000000094200000, 0x0000000094200000, 0x0000000094300000|  0%| F|  |TAMS 0x0000000094200000, 0x0000000094200000| Untracked 
|  51|0x0000000094300000, 0x0000000094300000, 0x0000000094400000|  0%| F|  |TAMS 0x0000000094300000, 0x0000000094300000| Untracked 
|  52|0x0000000094400000, 0x0000000094400000, 0x0000000094500000|  0%| F|  |TAMS 0x0000000094400000, 0x0000000094400000| Untracked 
|  53|0x0000000094500000, 0x0000000094500000, 0x0000000094600000|  0%| F|  |TAMS 0x0000000094500000, 0x0000000094500000| Untracked 
|  54|0x0000000094600000, 0x0000000094600000, 0x0000000094700000|  0%| F|  |TAMS 0x0000000094600000, 0x0000000094600000| Untracked 
|  55|0x0000000094700000, 0x0000000094700000, 0x0000000094800000|  0%| F|  |TAMS 0x0000000094700000, 0x0000000094700000| Untracked 
|  56|0x0000000094800000, 0x0000000094800000, 0x0000000094900000|  0%| F|  |TAMS 0x0000000094800000, 0x0000000094800000| Untracked 
|  57|0x0000000094900000, 0x0000000094900000, 0x0000000094a00000|  0%| F|  |TAMS 0x0000000094900000, 0x0000000094900000| Untracked 
|  58|0x0000000094a00000, 0x0000000094a00000, 0x0000000094b00000|  0%| F|  |TAMS 0x0000000094a00000, 0x0000000094a00000| Untracked 
|  59|0x0000000094b00000, 0x0000000094b00000, 0x0000000094c00000|  0%| F|  |TAMS 0x0000000094b00000, 0x0000000094b00000| Untracked 
|  60|0x0000000094c00000, 0x0000000094c00000, 0x0000000094d00000|  0%| F|  |TAMS 0x0000000094c00000, 0x0000000094c00000| Untracked 
|  61|0x0000000094d00000, 0x0000000094d00000, 0x0000000094e00000|  0%| F|  |TAMS 0x0000000094d00000, 0x0000000094d00000| Untracked 
|  62|0x0000000094e00000, 0x0000000094e00000, 0x0000000094f00000|  0%| F|  |TAMS 0x0000000094e00000, 0x0000000094e00000| Untracked 
|  63|0x0000000094f00000, 0x0000000094f00000, 0x0000000095000000|  0%| F|  |TAMS 0x0000000094f00000, 0x0000000094f00000| Untracked 
|  64|0x0000000095000000, 0x0000000095000000, 0x0000000095100000|  0%| F|  |TAMS 0x0000000095000000, 0x0000000095000000| Untracked 
|  65|0x0000000095100000, 0x0000000095100000, 0x0000000095200000|  0%| F|  |TAMS 0x0000000095100000, 0x0000000095100000| Untracked 
|  66|0x0000000095200000, 0x0000000095200000, 0x0000000095300000|  0%| F|  |TAMS 0x0000000095200000, 0x0000000095200000| Untracked 
|  67|0x0000000095300000, 0x0000000095300000, 0x0000000095400000|  0%| F|  |TAMS 0x0000000095300000, 0x0000000095300000| Untracked 
|  68|0x0000000095400000, 0x0000000095400000, 0x0000000095500000|  0%| F|  |TAMS 0x0000000095400000, 0x0000000095400000| Untracked 
|  69|0x0000000095500000, 0x0000000095500000, 0x0000000095600000|  0%| F|  |TAMS 0x0000000095500000, 0x0000000095500000| Untracked 
|  70|0x0000000095600000, 0x0000000095600000, 0x0000000095700000|  0%| F|  |TAMS 0x0000000095600000, 0x0000000095600000| Untracked 
|  71|0x0000000095700000, 0x0000000095700000, 0x0000000095800000|  0%| F|  |TAMS 0x0000000095700000, 0x0000000095700000| Untracked 
|  72|0x0000000095800000, 0x0000000095800000, 0x0000000095900000|  0%| F|  |TAMS 0x0000000095800000, 0x0000000095800000| Untracked 
|  73|0x0000000095900000, 0x0000000095900000, 0x0000000095a00000|  0%| F|  |TAMS 0x0000000095900000, 0x0000000095900000| Untracked 
|  74|0x0000000095a00000, 0x0000000095a00000, 0x0000000095b00000|  0%| F|  |TAMS 0x0000000095a00000, 0x0000000095a00000| Untracked 
|  75|0x0000000095b00000, 0x0000000095b00000, 0x0000000095c00000|  0%| F|  |TAMS 0x0000000095b00000, 0x0000000095b00000| Untracked 
|  76|0x0000000095c00000, 0x0000000095c00000, 0x0000000095d00000|  0%| F|  |TAMS 0x0000000095c00000, 0x0000000095c00000| Untracked 
|  77|0x0000000095d00000, 0x0000000095d00000, 0x0000000095e00000|  0%| F|  |TAMS 0x0000000095d00000, 0x0000000095d00000| Untracked 
|  78|0x0000000095e00000, 0x0000000095e00000, 0x0000000095f00000|  0%| F|  |TAMS 0x0000000095e00000, 0x0000000095e00000| Untracked 
|  79|0x0000000095f00000, 0x0000000095f00000, 0x0000000096000000|  0%| F|  |TAMS 0x0000000095f00000, 0x0000000095f00000| Untracked 
|  80|0x0000000096000000, 0x0000000096000000, 0x0000000096100000|  0%| F|  |TAMS 0x0000000096000000, 0x0000000096000000| Untracked 
|  81|0x0000000096100000, 0x0000000096100000, 0x0000000096200000|  0%| F|  |TAMS 0x0000000096100000, 0x0000000096100000| Untracked 
|  82|0x0000000096200000, 0x0000000096200000, 0x0000000096300000|  0%| F|  |TAMS 0x0000000096200000, 0x0000000096200000| Untracked 
|  83|0x0000000096300000, 0x0000000096300000, 0x0000000096400000|  0%| F|  |TAMS 0x0000000096300000, 0x0000000096300000| Untracked 
|  84|0x0000000096400000, 0x0000000096400000, 0x0000000096500000|  0%| F|  |TAMS 0x0000000096400000, 0x0000000096400000| Untracked 
|  85|0x0000000096500000, 0x0000000096500000, 0x0000000096600000|  0%| F|  |TAMS 0x0000000096500000, 0x0000000096500000| Untracked 
|  86|0x0000000096600000, 0x0000000096600000, 0x0000000096700000|  0%| F|  |TAMS 0x0000000096600000, 0x0000000096600000| Untracked 
|  87|0x0000000096700000, 0x0000000096700000, 0x0000000096800000|  0%| F|  |TAMS 0x0000000096700000, 0x0000000096700000| Untracked 
|  88|0x0000000096800000, 0x0000000096800000, 0x0000000096900000|  0%| F|  |TAMS 0x0000000096800000, 0x0000000096800000| Untracked 
|  89|0x0000000096900000, 0x0000000096900000, 0x0000000096a00000|  0%| F|  |TAMS 0x0000000096900000, 0x0000000096900000| Untracked 
|  90|0x0000000096a00000, 0x0000000096a00000, 0x0000000096b00000|  0%| F|  |TAMS 0x0000000096a00000, 0x0000000096a00000| Untracked 
|  91|0x0000000096b00000, 0x0000000096b00000, 0x0000000096c00000|  0%| F|  |TAMS 0x0000000096b00000, 0x0000000096b00000| Untracked 
|  92|0x0000000096c00000, 0x0000000096c00000, 0x0000000096d00000|  0%| F|  |TAMS 0x0000000096c00000, 0x0000000096c00000| Untracked 
|  93|0x0000000096d00000, 0x0000000096d00000, 0x0000000096e00000|  0%| F|  |TAMS 0x0000000096d00000, 0x0000000096d00000| Untracked 
|  94|0x0000000096e00000, 0x0000000096e00000, 0x0000000096f00000|  0%| F|  |TAMS 0x0000000096e00000, 0x0000000096e00000| Untracked 
|  95|0x0000000096f00000, 0x0000000096f00000, 0x0000000097000000|  0%| F|  |TAMS 0x0000000096f00000, 0x0000000096f00000| Untracked 
|  96|0x0000000097000000, 0x0000000097000000, 0x0000000097100000|  0%| F|  |TAMS 0x0000000097000000, 0x0000000097000000| Untracked 
|  97|0x0000000097100000, 0x0000000097100000, 0x0000000097200000|  0%| F|  |TAMS 0x0000000097100000, 0x0000000097100000| Untracked 
|  98|0x0000000097200000, 0x0000000097200000, 0x0000000097300000|  0%| F|  |TAMS 0x0000000097200000, 0x0000000097200000| Untracked 
|  99|0x0000000097300000, 0x0000000097300000, 0x0000000097400000|  0%| F|  |TAMS 0x0000000097300000, 0x0000000097300000| Untracked 
| 100|0x0000000097400000, 0x0000000097400000, 0x0000000097500000|  0%| F|  |TAMS 0x0000000097400000, 0x0000000097400000| Untracked 
| 101|0x0000000097500000, 0x0000000097500000, 0x0000000097600000|  0%| F|  |TAMS 0x0000000097500000, 0x0000000097500000| Untracked 
| 102|0x0000000097600000, 0x0000000097600000, 0x0000000097700000|  0%| F|  |TAMS 0x0000000097600000, 0x0000000097600000| Untracked 
| 103|0x0000000097700000, 0x0000000097700000, 0x0000000097800000|  0%| F|  |TAMS 0x0000000097700000, 0x0000000097700000| Untracked 
| 104|0x0000000097800000, 0x0000000097800000, 0x0000000097900000|  0%| F|  |TAMS 0x0000000097800000, 0x0000000097800000| Untracked 
| 105|0x0000000097900000, 0x0000000097900000, 0x0000000097a00000|  0%| F|  |TAMS 0x0000000097900000, 0x0000000097900000| Untracked 
| 106|0x0000000097a00000, 0x0000000097a00000, 0x0000000097b00000|  0%| F|  |TAMS 0x0000000097a00000, 0x0000000097a00000| Untracked 
| 107|0x0000000097b00000, 0x0000000097b00000, 0x0000000097c00000|  0%| F|  |TAMS 0x0000000097b00000, 0x0000000097b00000| Untracked 
| 108|0x0000000097c00000, 0x0000000097c00000, 0x0000000097d00000|  0%| F|  |TAMS 0x0000000097c00000, 0x0000000097c00000| Untracked 
| 109|0x0000000097d00000, 0x0000000097db8040, 0x0000000097e00000| 71%| S|CS|TAMS 0x0000000097d00000, 0x0000000097d00000| Complete 
| 110|0x0000000097e00000, 0x0000000097e00000, 0x0000000097f00000|  0%| F|  |TAMS 0x0000000097e00000, 0x0000000097e00000| Untracked 
| 111|0x0000000097f00000, 0x0000000097f00000, 0x0000000098000000|  0%| F|  |TAMS 0x0000000097f00000, 0x0000000097f00000| Untracked 

Card table byte_map: [0x000001a2dc960000,0x000001a2dcce0000] _byte_map_base: 0x000001a2dc4d8000

Marking Bits (Prev, Next): (CMBitMap*) 0x000001a2c4b57a68, (CMBitMap*) 0x000001a2c4b57aa8
 Prev Bits: [0x000001a2dd060000, 0x000001a2dec20000)
 Next Bits: [0x000001a2dec20000, 0x000001a2e07e0000)

Polling page: 0x000001a2c42e0000

Metaspace:

Usage:
  Non-class:      4.46 MB capacity,     4.45 MB (>99%) used,     5.89 KB ( <1%) free+waste,     1.81 KB ( <1%) overhead. 
      Class:    439.00 KB capacity,   430.24 KB ( 98%) used,     7.51 KB (  2%) free+waste,     1.25 KB ( <1%) overhead. 
       Both:      4.89 MB capacity,     4.87 MB (>99%) used,    13.40 KB ( <1%) free+waste,     3.06 KB ( <1%) overhead. 

Virtual space:
  Non-class space:       20.00 MB reserved,       4.50 MB ( 23%) committed 
      Class space:        1.00 GB reserved,     512.00 KB ( <1%) committed 
             Both:        1.02 GB reserved,       5.00 MB ( <1%) committed 

Chunk freelists:
   Non-Class:  43.00 KB
       Class:  9.00 KB
        Both:  52.00 KB

MaxMetaspaceSize: 17179869184.00 GB
CompressedClassSpaceSize: 1.00 GB

CodeHeap 'non-profiled nmethods': size=238336Kb used=190Kb max_used=190Kb free=238145Kb
 bounds [0x000001a2cd9f0000, 0x000001a2cdc60000, 0x000001a2dc2b0000]
CodeHeap 'non-nmethods': size=7424Kb used=1072Kb max_used=1072Kb free=6351Kb
 bounds [0x000001a2cd2b0000, 0x000001a2cd520000, 0x000001a2cd9f0000]
 total_blobs=482 nmethods=181 adapters=229
 compilation: enabled
              stopped_count=0, restarted_count=0
 full_count=0

Compilation events (20 events):
Event: 0.231 Thread 0x000001a2c0b54000  171       1       java.util.AbstractMap::<init> (5 bytes)
Event: 0.231 Thread 0x000001a2c0b54000 nmethod 171 0x000001a2cda1cc10 code [0x000001a2cda1cda0, 0x000001a2cda1ce58]
Event: 0.232 Thread 0x000001a2c0b54000  172       1       java.util.ImmutableCollections$SetN::<init> (90 bytes)
Event: 0.232 Thread 0x000001a2c0b54000 nmethod 172 0x000001a2cda1cf10 code [0x000001a2cda1d140, 0x000001a2cda1d7d8]
Event: 0.232 Thread 0x000001a2c0b54000  173       1       java.util.HashMap$ValueIterator::next (8 bytes)
Event: 0.232 Thread 0x000001a2c0b54000 nmethod 173 0x000001a2cda1db10 code [0x000001a2cda1dca0, 0x000001a2cda1dd88]
Event: 0.232 Thread 0x000001a2c0b54000  174       1       java.util.HashMap$Node::getValue (5 bytes)
Event: 0.232 Thread 0x000001a2c0b54000 nmethod 174 0x000001a2cda1de10 code [0x000001a2cda1dfa0, 0x000001a2cda1e058]
Event: 0.232 Thread 0x000001a2c0b54000  175       1       jdk.internal.module.ModuleBootstrap$2::hasNext (30 bytes)
Event: 0.233 Thread 0x000001a2c0b54000 nmethod 175 0x000001a2cda1e510 code [0x000001a2cda1e6c0, 0x000001a2cda1e7f8]
Event: 0.233 Thread 0x000001a2c0b54000  176       1       jdk.internal.module.ModuleBootstrap$2::next (52 bytes)
Event: 0.233 Thread 0x000001a2c0b54000 nmethod 176 0x000001a2cda1e890 code [0x000001a2cda1ea60, 0x000001a2cda1ec48]
Event: 0.233 Thread 0x000001a2c0b54000  178       1       java.lang.Module::getDescriptor (5 bytes)
Event: 0.233 Thread 0x000001a2c0b54000 nmethod 178 0x000001a2cda1ed90 code [0x000001a2cda1ef20, 0x000001a2cda1efd8]
Event: 0.234 Thread 0x000001a2c0b54000  179       1       java.net.URL::getFile (5 bytes)
Event: 0.234 Thread 0x000001a2c0b54000 nmethod 179 0x000001a2cda1f090 code [0x000001a2cda1f220, 0x000001a2cda1f2d8]
Event: 0.234 Thread 0x000001a2c0b54000  180       1       java.net.URL::getRef (5 bytes)
Event: 0.234 Thread 0x000001a2c0b54000 nmethod 180 0x000001a2cda1f390 code [0x000001a2cda1f520, 0x000001a2cda1f5d8]
Event: 0.234 Thread 0x000001a2c0b54000  181       1       java.net.URL::getProtocol (5 bytes)
Event: 0.234 Thread 0x000001a2c0b54000 nmethod 181 0x000001a2cda1f690 code [0x000001a2cda1f820, 0x000001a2cda1f8d8]

GC Heap History (2 events):
Event: 0.241 GC heap before
{Heap before GC invocations=0 (full 0):
 garbage-first heap   total 114688K, used 1024K [0x0000000091000000, 0x0000000100000000)
  region size 1024K, 2 young (2048K), 0 survivors (0K)
 Metaspace       used 4987K, capacity 5004K, committed 5120K, reserved 1067008K
  class space    used 430K, capacity 439K, committed 512K, reserved 1048576K
}
Event: 0.243 GC heap after
{Heap after GC invocations=1 (full 0):
 garbage-first heap   total 114688K, used 736K [0x0000000091000000, 0x0000000100000000)
  region size 1024K, 1 young (1024K), 1 survivors (1024K)
 Metaspace       used 4987K, capacity 5004K, committed 5120K, reserved 1067008K
  class space    used 430K, capacity 439K, committed 512K, reserved 1048576K
}

Deoptimization events (0 events):
No events

Classes unloaded (0 events):
No events

Classes redefined (0 events):
No events

Internal exceptions (0 events):
No events

Events (20 events):
Event: 0.239 loading class sun/util/locale/LocaleObjectCache done
Event: 0.239 loading class sun/util/locale/BaseLocale$Cache done
Event: 0.239 loading class sun/util/locale/LocaleObjectCache$CacheEntry
Event: 0.239 loading class sun/util/locale/LocaleObjectCache$CacheEntry done
Event: 0.239 loading class java/util/Locale$Cache
Event: 0.239 loading class java/util/Locale$Cache done
Event: 0.239 loading class jdk/internal/loader/URLClassPath$3
Event: 0.239 loading class java/security/PrivilegedExceptionAction
Event: 0.239 loading class java/security/PrivilegedExceptionAction done
Event: 0.239 loading class jdk/internal/loader/URLClassPath$3 done
Event: 0.239 loading class jdk/internal/loader/URLClassPath$FileLoader
Event: 0.239 loading class jdk/internal/loader/URLClassPath$Loader
Event: 0.239 loading class jdk/internal/loader/URLClassPath$Loader done
Event: 0.239 loading class jdk/internal/loader/URLClassPath$FileLoader done
Event: 0.240 loading class jdk/internal/loader/URLClassPath$JarLoader
Event: 0.240 loading class jdk/internal/loader/URLClassPath$JarLoader done
Event: 0.240 loading class java/util/zip/ZipFile
Event: 0.241 loading class java/util/zip/ZipConstants
Event: 0.241 loading class java/util/zip/ZipConstants done
Event: 0.241 Executing VM operation: CollectForMetadataAllocation


Dynamic libraries:
0x00007ff6fb950000 - 0x00007ff6fb95f000 	C:\Program Files\Java\jdk-14.0.2\bin\java.exe
0x00007fff0c040000 - 0x00007fff0c230000 	C:\Windows\SYSTEM32\ntdll.dll
0x00007fff0a560000 - 0x00007fff0a612000 	C:\Windows\System32\KERNEL32.DLL
0x00007fff08fe0000 - 0x00007fff09285000 	C:\Windows\System32\KERNELBASE.dll
0x00007fff09d10000 - 0x00007fff09e0a000 	C:\Windows\System32\ucrtbase.dll
0x00007ffefc010000 - 0x00007ffefc028000 	C:\Program Files\Java\jdk-14.0.2\bin\jli.dll
0x00007ffefbff0000 - 0x00007ffefc005000 	C:\Program Files\Java\jdk-14.0.2\bin\VCRUNTIME140.dll
0x00007fff0a0f0000 - 0x00007fff0a193000 	C:\Windows\System32\ADVAPI32.dll
0x00007fff0a490000 - 0x00007fff0a52e000 	C:\Windows\System32\msvcrt.dll
0x00007fff0a860000 - 0x00007fff0a8f7000 	C:\Windows\System32\sechost.dll
0x00007fff0abf0000 - 0x00007fff0ad10000 	C:\Windows\System32\RPCRT4.dll
0x00007fff0b8c0000 - 0x00007fff0ba54000 	C:\Windows\System32\USER32.dll
0x00007fff09290000 - 0x00007fff092b1000 	C:\Windows\System32\win32u.dll
0x00007ffefca90000 - 0x00007ffefcd14000 	C:\Windows\WinSxS\amd64_microsoft.windows.common-controls_6595b64144ccf1df_6.0.18362.1256_none_9e7e379be45e40e2\COMCTL32.dll
0x00007fff0a750000 - 0x00007fff0a776000 	C:\Windows\System32\GDI32.dll
0x00007fff0ae70000 - 0x00007fff0b1a6000 	C:\Windows\System32\combase.dll
0x00007fff09e60000 - 0x00007fff09ff6000 	C:\Windows\System32\gdi32full.dll
0x00007fff09ba0000 - 0x00007fff09c3e000 	C:\Windows\System32\msvcp_win.dll
0x00007fff0a060000 - 0x00007fff0a0e1000 	C:\Windows\System32\bcryptPrimitives.dll
0x00007ffeffe30000 - 0x00007ffeffe3a000 	C:\Windows\SYSTEM32\VERSION.dll
0x00007fff0a530000 - 0x00007fff0a55e000 	C:\Windows\System32\IMM32.DLL
0x00007ffefbf50000 - 0x00007ffefbfeb000 	C:\Program Files\Java\jdk-14.0.2\bin\msvcp140.dll
0x00007ffec41f0000 - 0x00007ffec4d0e000 	C:\Program Files\Java\jdk-14.0.2\bin\server\jvm.dll
0x00007fff0a1a0000 - 0x00007fff0a1a8000 	C:\Windows\System32\PSAPI.DLL
0x00007fff05f30000 - 0x00007fff05f54000 	C:\Windows\SYSTEM32\WINMM.dll
0x00007fff04db0000 - 0x00007fff04db9000 	C:\Windows\SYSTEM32\WSOCK32.dll
0x00007fff0aa40000 - 0x00007fff0aaaf000 	C:\Windows\System32\WS2_32.dll
0x00007fff05d20000 - 0x00007fff05d4d000 	C:\Windows\SYSTEM32\WINMMBASE.dll
0x00007fff09e10000 - 0x00007fff09e5a000 	C:\Windows\System32\cfgmgr32.dll
0x00007fff08ef0000 - 0x00007fff08f01000 	C:\Windows\System32\kernel.appcore.dll
0x00007ffefc620000 - 0x00007ffefc62a000 	C:\Program Files\Java\jdk-14.0.2\bin\jimage.dll
0x00007fff070f0000 - 0x00007fff072e4000 	C:\Windows\SYSTEM32\DBGHELP.DLL
0x00007ffefc5e0000 - 0x00007ffefc60a000 	C:\Windows\SYSTEM32\dbgcore.DLL
0x00007ffefc0d0000 - 0x00007ffefc0de000 	C:\Program Files\Java\jdk-14.0.2\bin\instrument.dll
0x00007ffefbf20000 - 0x00007ffefbf45000 	C:\Program Files\Java\jdk-14.0.2\bin\java.dll
0x00007ffefb890000 - 0x00007ffefb8a6000 	C:\Program Files\Java\jdk-14.0.2\bin\zip.dll
0x00007fff0b1b0000 - 0x00007fff0b897000 	C:\Windows\System32\SHELL32.dll
0x00007fff0ba60000 - 0x00007fff0bb09000 	C:\Windows\System32\shcore.dll
0x00007fff092c0000 - 0x00007fff09a41000 	C:\Windows\System32\windows.storage.dll
0x00007fff08f80000 - 0x00007fff08fa3000 	C:\Windows\System32\profapi.dll
0x00007fff08f10000 - 0x00007fff08f5a000 	C:\Windows\System32\powrprof.dll
0x00007fff08ee0000 - 0x00007fff08ef0000 	C:\Windows\System32\UMPDC.dll
0x00007fff0a780000 - 0x00007fff0a7d2000 	C:\Windows\System32\shlwapi.dll
0x00007fff09c40000 - 0x00007fff09c57000 	C:\Windows\System32\cryptsp.dll
0x000000006bbf0000 - 0x000000006bc01000 	C:\Program Files\Common Files\Crypto Pro\AppCompat\cpadvai.dll
0x000000006bc10000 - 0x000000006bc17000 	C:\Program Files\Common Files\Crypto Pro\AppCompat\detoured.dll

dbghelp: loaded successfully - version: 4.0.5 - missing functions: none
symbol engine: initialized successfully - sym options: 0x614 - pdb path: .;C:\Program Files\Java\jdk-14.0.2\bin;C:\Windows\SYSTEM32;C:\Windows\WinSxS\amd64_microsoft.windows.common-controls_6595b64144ccf1df_6.0.18362.1256_none_9e7e379be45e40e2;C:\Program Files\Java\jdk-14.0.2\bin\server;C:\Program Files\Common Files\Crypto Pro\AppCompat

VM Arguments:
jvm_args: -XX:TieredStopAtLevel=1 -Xverify:none -Dspring.output.ansi.enabled=always -Dcom.sun.management.jmxremote -Dspring.jmx.enabled=true -Dspring.liveBeansView.mbeanDomain -Dspring.application.admin.enabled=true -javaagent:D:\ideaIU-2020.1.windows\lib\idea_rt.jar=58443:D:\ideaIU-2020.1.windows\bin -Dfile.encoding=UTF-8 
java_command: net.rudikone.springbootsecurity.SpringBootSecurityApplication
java_class_path (initial): C:\Users\mudod\IdeaProjects\springbootsecurity\target\classes;C:\Users\mudod\.m2\repository\org\springframework\boot\spring-boot-starter-thymeleaf\2.4.1\spring-boot-starter-thymeleaf-2.4.1.jar;C:\Users\mudod\.m2\repository\org\springframework\boot\spring-boot-starter\2.4.1\spring-boot-starter-2.4.1.jar;C:\Users\mudod\.m2\repository\org\springframework\boot\spring-boot\2.4.1\spring-boot-2.4.1.jar;C:\Users\mudod\.m2\repository\org\springframework\boot\spring-boot-autoconfigure\2.4.1\spring-boot-autoconfigure-2.4.1.jar;C:\Users\mudod\.m2\repository\org\springframework\boot\spring-boot-starter-logging\2.4.1\spring-boot-starter-logging-2.4.1.jar;C:\Users\mudod\.m2\repository\ch\qos\logback\logback-classic\1.2.3\logback-classic-1.2.3.jar;C:\Users\mudod\.m2\repository\ch\qos\logback\logback-core\1.2.3\logback-core-1.2.3.jar;C:\Users\mudod\.m2\repository\org\apache\logging\log4j\log4j-to-slf4j\2.13.3\log4j-to-slf4j-2.13.3.jar;C:\Users\mudod\.m2\repository\org\apache\logging\log4j\log4j-api\2.13.3\log4j-api-2.13.3.jar;C:\Users\mudod\.m2\repository\org\slf4j\jul-to-slf4j\1.7.30\jul-to-slf4j-1.7.30.jar;C:\Users\mudod\.m2\repository\jakarta\annotation\jakarta.annotation-api\1.3.5\jakarta.annotation-api-1.3.5.jar;C:\Users\mudod\.m2\repository\org\yaml\snakeyaml\1.27\snakeyaml-1.27.jar;C:\Users\mudod\.m2\repository\org\thymeleaf\thymeleaf-spring5\3.0.11.RELEASE\thymeleaf-spring5-3.0.11.RELEASE.jar;C:\Users\mudod\.m2\repository\org\thymeleaf\thymeleaf\3.0.11.RELEASE\thymeleaf-3.0.11.RELEASE.jar;C:\Users\mudod\.m2\repository\org\attoparser\attoparser\2.0.5.RELEASE\attoparser-2.0.5.RELEASE.jar;C:\Users\mudod\.m2\repository\org\unbescape\unbescape\1.1.6.RELEASE\unbescape-1.1.6.RELEASE.jar;C:\Users\mudod\.m2\repository\org\slf4j\slf4j-api\1.7.30\slf4j-api-1.7.30.jar;C:\Users\mudod\.m2\repository\org\thymeleaf\extras\thymeleaf-extras-java8time\3.0.4.RELEASE\thymeleaf-extras-java8time-3.0.4.RELEASE.jar;C:\Users\mudod\.m2\repository\org\springframework\boot\s
Launcher Type: SUN_STANDARD

[Global flags]
     intx CICompilerCount                          = 4                                         {product} {ergonomic}
     uint ConcGCThreads                            = 2                                         {product} {ergonomic}
     uint G1ConcRefinementThreads                  = 8                                         {product} {ergonomic}
   size_t G1HeapRegionSize                         = 1048576                                   {product} {ergonomic}
    uintx GCDrainStackTargetSize                   = 64                                        {product} {ergonomic}
   size_t InitialHeapSize                          = 117440512                                 {product} {ergonomic}
     bool ManagementServer                         = true                                      {product} {command line}
   size_t MarkStackSize                            = 4194304                                   {product} {ergonomic}
   size_t MaxHeapSize                              = 1862270976                                {product} {ergonomic}
   size_t MaxNewSize                               = 1116733440                                {product} {ergonomic}
   size_t MinHeapDeltaBytes                        = 1048576                                   {product} {ergonomic}
   size_t MinHeapSize                              = 8388608                                   {product} {ergonomic}
    uintx NonNMethodCodeHeapSize                   = 7549744                                {pd product} {ergonomic}
    uintx NonProfiledCodeHeapSize                  = 244108496                              {pd product} {ergonomic}
    uintx ProfiledCodeHeapSize                     = 0                                      {pd product} {ergonomic}
    uintx ReservedCodeCacheSize                    = 251658240                              {pd product} {ergonomic}
     bool SegmentedCodeCache                       = true                                      {product} {ergonomic}
   size_t SoftMaxHeapSize                          = 1862270976                             {manageable} {ergonomic}
     intx TieredStopAtLevel                        = 1                                         {product} {command line}
     bool UseCompressedClassPointers               = true                                 {lp64_product} {ergonomic}
     bool UseCompressedOops                        = true                                 {lp64_product} {ergonomic}
     bool UseG1GC                                  = true                                      {product} {ergonomic}
     bool UseLargePagesIndividualAllocation        = false                                  {pd product} {ergonomic}

Logging:
Log output configuration:
 #0: stdout all=warning uptime,level,tags
 #1: stderr all=off uptime,level,tags

Environment Variables:
JAVA_HOME=C:\Program Files\Java\jdk-14.0.2
PATH=C:\Program Files (x86)\Common Files\Oracle\Java\javapath;C:\apache-maven-3.6.3\bin;C:\apache-maven-3.6.3\bin;C:\Users\mudod\AppData\Local\atom\bin
USERNAME=mudod
OS=Windows_NT
PROCESSOR_IDENTIFIER=AMD64 Family 23 Model 24 Stepping 1, AuthenticAMD



---------------  S Y S T E M  ---------------

OS: Windows 10 , 64 bit Build 18362 (10.0.18362.1110)
OS uptime: 1 days 14:51 hours

CPU:total 8 (initial active 8) (8 cores per cpu, 2 threads per core) family 23 model 24 stepping 1, cmov, cx8, fxsr, mmx, sse, sse2, sse3, ssse3, sse4.1, sse4.2, popcnt, avx, avx2, aes, clmul, mmxext, 3dnowpref, lzcnt, sse4a, ht, tsc, tscinvbit, tscinv, bmi1, bmi2, adx, sha, fma

Memory: 4k page, system-wide physical 7103M (633M free)
TotalPageFile size 11199M (AvailPageFile size 0M)
current process WorkingSet (physical memory assigned to process): 28M, peak: 28M
current process commit charge ("private bytes"): 184M, peak: 185M

vm_info: Java HotSpot(TM) 64-Bit Server VM (14.0.2+12-46) for windows-amd64 JRE (14.0.2+12-46), built on Jul  9 2020 00:35:52 by "mach5one" with MS VC++ 15.9 (VS2017)

END.
