#
# There is insufficient memory for the Java Runtime Environment to continue.
# Native memory allocation (mmap) failed to map 117440512 bytes for Failed to commit area from 0x0000000091000000 to 0x0000000098000000 of length 117440512.
# Possible reasons:
#   The system is out of physical RAM or swap space
#   The process is running with CompressedOops enabled, and the Java Heap may be blocking the growth of the native heap
# Possible solutions:
#   Reduce memory load on the system
#   Increase physical memory or swap space
#   Check if swap backing store is full
#   Decrease Java heap size (-Xmx/-Xms)
#   Decrease number of Java threads
#   Decrease Java thread stack sizes (-Xss)
#   Set larger code cache with -XX:ReservedCodeCacheSize=
#   JVM is running with Unscaled Compressed Oops mode in which the Java heap is
#     placed in the first 4GB address space. The Java Heap base address is the
#     maximum limit for the native heap growth. Please use -XX:HeapBaseMinAddress
#     to set the Java Heap base and to place the Java Heap above 4GB virtual address.
# This output file may be truncated or incomplete.
#
#  Out of Memory Error (./open/src/hotspot/os/windows/os_windows.cpp:3315), pid=4712, tid=7396
#
# JRE version:  (14.0.2+12) (build )
# Java VM: Java HotSpot(TM) 64-Bit Server VM (14.0.2+12-46, mixed mode, sharing, tiered, compressed oops, g1 gc, windows-amd64)
# No core dump will be written. Minidumps are not enabled by default on client versions of Windows
#

---------------  S U M M A R Y ------------

Command Line: -XX:TieredStopAtLevel=1 -Xverify:none -Dspring.output.ansi.enabled=always -Dcom.sun.management.jmxremote -Dspring.jmx.enabled=true -Dspring.liveBeansView.mbeanDomain -Dspring.application.admin.enabled=true -javaagent:D:\ideaIU-2020.1.windows\lib\idea_rt.jar=58467:D:\ideaIU-2020.1.windows\bin -Dfile.encoding=UTF-8 net.rudikone.springbootsecurity.SpringBootSecurityApplication

Host: AMD Ryzen 5 3500U with Radeon Vega Mobile Gfx  , 8 cores, 6G,  Windows 10 , 64 bit Build 18362 (10.0.18362.1110)
Time: Tue Dec 15 20:50:16 2020 RTZ 2 (ceia) elapsed time: 0 seconds (0d 0h 0m 0s)

---------------  T H R E A D  ---------------

Current thread (0x000002490ecb8800):  JavaThread "Unknown thread" [_thread_in_vm, id=7396, stack(0x000000c8bac00000,0x000000c8bad00000)]

Stack: [0x000000c8bac00000,0x000000c8bad00000]
Native frames: (J=compiled Java code, j=interpreted, Vv=VM code, C=native code)
V  [jvm.dll+0x5f8a9a]
V  [jvm.dll+0x74247a]
V  [jvm.dll+0x743c2f]
V  [jvm.dll+0x744273]
V  [jvm.dll+0x20d288]
V  [jvm.dll+0x5f5dea]
V  [jvm.dll+0x5eac45]
V  [jvm.dll+0x2c7e9c]
V  [jvm.dll+0x2c7cd2]
V  [jvm.dll+0x2cdbbc]
V  [jvm.dll+0x313fe8]
V  [jvm.dll+0x313710]
V  [jvm.dll+0x2a092a]
V  [jvm.dll+0x2a1a79]
V  [jvm.dll+0x71fd48]
V  [jvm.dll+0x321c14]
V  [jvm.dll+0x70112c]
V  [jvm.dll+0x392def]
V  [jvm.dll+0x394e61]
C  [jli.dll+0x524b]
C  [ucrtbase.dll+0x210b2]
C  [KERNEL32.DLL+0x17c24]
C  [ntdll.dll+0x6d4d1]


---------------  P R O C E S S  ---------------

Threads class SMR info:
_java_thread_list=0x00007ffec4c73038, length=0, elements={
}

Java Threads: ( => current thread )

Other Threads:
  0x000002490ecf8000 GCTaskThread "GC Thread#0" [stack: 0x000000c8bad00000,0x000000c8bae00000] [id=11656]
  0x000002490ed08000 ConcurrentGCThread "G1 Main Marker" [stack: 0x000000c8bae00000,0x000000c8baf00000] [id=14208]
  0x000002490ed0a000 ConcurrentGCThread "G1 Conc#0" [stack: 0x000000c8baf00000,0x000000c8bb000000] [id=5944]

[error occurred during error reporting (printing all threads), id 0xc0000005, EXCEPTION_ACCESS_VIOLATION (0xc0000005) at pc=0x00007ffec44a1257]

VM state:not at safepoint (not fully initialized)

VM Mutex/Monitor currently owned by a thread:  ([mutex/lock_event])
[0x000002490ecb4c20] Heap_lock - owner thread: 0x000002490ecb8800

Heap address: 0x0000000091000000, size: 1776 MB, Compressed Oops mode: 32-bit
Narrow klass base: 0x0000000000000000, Narrow klass shift: 0

GC Heap History (0 events):
No events

Deoptimization events (0 events):
No events

Classes unloaded (0 events):
No events

Classes redefined (0 events):
No events

Internal exceptions (0 events):
No events

Events (2 events):
Event: 0.012 Loaded shared library C:\Program Files\Java\jdk-14.0.2\bin\java.dll
Event: 0.014 Loaded shared library C:\Program Files\Java\jdk-14.0.2\bin\zip.dll


Dynamic libraries:
0x00007ff6fb950000 - 0x00007ff6fb95f000 	C:\Program Files\Java\jdk-14.0.2\bin\java.exe
0x00007fff0c040000 - 0x00007fff0c230000 	C:\Windows\SYSTEM32\ntdll.dll
0x00007fff0a560000 - 0x00007fff0a612000 	C:\Windows\System32\KERNEL32.DLL
0x00007fff08fe0000 - 0x00007fff09285000 	C:\Windows\System32\KERNELBASE.dll
0x00007fff09d10000 - 0x00007fff09e0a000 	C:\Windows\System32\ucrtbase.dll
0x00007ffefbff0000 - 0x00007ffefc005000 	C:\Program Files\Java\jdk-14.0.2\bin\VCRUNTIME140.dll
0x00007ffefc010000 - 0x00007ffefc028000 	C:\Program Files\Java\jdk-14.0.2\bin\jli.dll
0x00007fff0a0f0000 - 0x00007fff0a193000 	C:\Windows\System32\ADVAPI32.dll
0x00007fff0a490000 - 0x00007fff0a52e000 	C:\Windows\System32\msvcrt.dll
0x00007fff0a860000 - 0x00007fff0a8f7000 	C:\Windows\System32\sechost.dll
0x00007fff0abf0000 - 0x00007fff0ad10000 	C:\Windows\System32\RPCRT4.dll
0x00007fff0b8c0000 - 0x00007fff0ba54000 	C:\Windows\System32\USER32.dll
0x00007fff09290000 - 0x00007fff092b1000 	C:\Windows\System32\win32u.dll
0x00007ffefca90000 - 0x00007ffefcd14000 	C:\Windows\WinSxS\amd64_microsoft.windows.common-controls_6595b64144ccf1df_6.0.18362.1256_none_9e7e379be45e40e2\COMCTL32.dll
0x00007fff0a750000 - 0x00007fff0a776000 	C:\Windows\System32\GDI32.dll
0x00007fff0ae70000 - 0x00007fff0b1a6000 	C:\Windows\System32\combase.dll
0x00007fff09e60000 - 0x00007fff09ff6000 	C:\Windows\System32\gdi32full.dll
0x00007fff0a060000 - 0x00007fff0a0e1000 	C:\Windows\System32\bcryptPrimitives.dll
0x00007fff09ba0000 - 0x00007fff09c3e000 	C:\Windows\System32\msvcp_win.dll
0x00007ffeffe30000 - 0x00007ffeffe3a000 	C:\Windows\SYSTEM32\VERSION.dll
0x00007fff0a530000 - 0x00007fff0a55e000 	C:\Windows\System32\IMM32.DLL
0x00007ffefbf50000 - 0x00007ffefbfeb000 	C:\Program Files\Java\jdk-14.0.2\bin\msvcp140.dll
0x00007ffec41f0000 - 0x00007ffec4d0e000 	C:\Program Files\Java\jdk-14.0.2\bin\server\jvm.dll
0x00007fff0a1a0000 - 0x00007fff0a1a8000 	C:\Windows\System32\PSAPI.DLL
0x00007fff04db0000 - 0x00007fff04db9000 	C:\Windows\SYSTEM32\WSOCK32.dll
0x00007fff05f30000 - 0x00007fff05f54000 	C:\Windows\SYSTEM32\WINMM.dll
0x00007fff0aa40000 - 0x00007fff0aaaf000 	C:\Windows\System32\WS2_32.dll
0x00007fff05d20000 - 0x00007fff05d4d000 	C:\Windows\SYSTEM32\winmmbase.dll
0x00007fff09e10000 - 0x00007fff09e5a000 	C:\Windows\System32\cfgmgr32.dll
0x00007fff08ef0000 - 0x00007fff08f01000 	C:\Windows\System32\kernel.appcore.dll
0x00007ffefc620000 - 0x00007ffefc62a000 	C:\Program Files\Java\jdk-14.0.2\bin\jimage.dll
0x00007fff070f0000 - 0x00007fff072e4000 	C:\Windows\SYSTEM32\DBGHELP.DLL
0x00007ffefc5e0000 - 0x00007ffefc60a000 	C:\Windows\SYSTEM32\dbgcore.DLL
0x00007ffefc0d0000 - 0x00007ffefc0de000 	C:\Program Files\Java\jdk-14.0.2\bin\instrument.dll
0x00007ffefbf20000 - 0x00007ffefbf45000 	C:\Program Files\Java\jdk-14.0.2\bin\java.dll
0x00007ffefb890000 - 0x00007ffefb8a6000 	C:\Program Files\Java\jdk-14.0.2\bin\zip.dll

dbghelp: loaded successfully - version: 4.0.5 - missing functions: none
symbol engine: initialized successfully - sym options: 0x614 - pdb path: .;C:\Program Files\Java\jdk-14.0.2\bin;C:\Windows\SYSTEM32;C:\Windows\WinSxS\amd64_microsoft.windows.common-controls_6595b64144ccf1df_6.0.18362.1256_none_9e7e379be45e40e2;C:\Program Files\Java\jdk-14.0.2\bin\server

VM Arguments:
jvm_args: -XX:TieredStopAtLevel=1 -Xverify:none -Dspring.output.ansi.enabled=always -Dcom.sun.management.jmxremote -Dspring.jmx.enabled=true -Dspring.liveBeansView.mbeanDomain -Dspring.application.admin.enabled=true -javaagent:D:\ideaIU-2020.1.windows\lib\idea_rt.jar=58467:D:\ideaIU-2020.1.windows\bin -Dfile.encoding=UTF-8 
java_command: net.rudikone.springbootsecurity.SpringBootSecurityApplication
java_class_path (initial): C:\Users\mudod\IdeaProjects\springbootsecurity\target\classes;C:\Users\mudod\.m2\repository\org\springframework\boot\spring-boot-starter-thymeleaf\2.4.1\spring-boot-starter-thymeleaf-2.4.1.jar;C:\Users\mudod\.m2\repository\org\springframework\boot\spring-boot-starter\2.4.1\spring-boot-starter-2.4.1.jar;C:\Users\mudod\.m2\repository\org\springframework\boot\spring-boot\2.4.1\spring-boot-2.4.1.jar;C:\Users\mudod\.m2\repository\org\springframework\boot\spring-boot-autoconfigure\2.4.1\spring-boot-autoconfigure-2.4.1.jar;C:\Users\mudod\.m2\repository\org\springframework\boot\spring-boot-starter-logging\2.4.1\spring-boot-starter-logging-2.4.1.jar;C:\Users\mudod\.m2\repository\ch\qos\logback\logback-classic\1.2.3\logback-classic-1.2.3.jar;C:\Users\mudod\.m2\repository\ch\qos\logback\logback-core\1.2.3\logback-core-1.2.3.jar;C:\Users\mudod\.m2\repository\org\apache\logging\log4j\log4j-to-slf4j\2.13.3\log4j-to-slf4j-2.13.3.jar;C:\Users\mudod\.m2\repository\org\apache\logging\log4j\log4j-api\2.13.3\log4j-api-2.13.3.jar;C:\Users\mudod\.m2\repository\org\slf4j\jul-to-slf4j\1.7.30\jul-to-slf4j-1.7.30.jar;C:\Users\mudod\.m2\repository\jakarta\annotation\jakarta.annotation-api\1.3.5\jakarta.annotation-api-1.3.5.jar;C:\Users\mudod\.m2\repository\org\yaml\snakeyaml\1.27\snakeyaml-1.27.jar;C:\Users\mudod\.m2\repository\org\thymeleaf\thymeleaf-spring5\3.0.11.RELEASE\thymeleaf-spring5-3.0.11.RELEASE.jar;C:\Users\mudod\.m2\repository\org\thymeleaf\thymeleaf\3.0.11.RELEASE\thymeleaf-3.0.11.RELEASE.jar;C:\Users\mudod\.m2\repository\org\attoparser\attoparser\2.0.5.RELEASE\attoparser-2.0.5.RELEASE.jar;C:\Users\mudod\.m2\repository\org\unbescape\unbescape\1.1.6.RELEASE\unbescape-1.1.6.RELEASE.jar;C:\Users\mudod\.m2\repository\org\slf4j\slf4j-api\1.7.30\slf4j-api-1.7.30.jar;C:\Users\mudod\.m2\repository\org\thymeleaf\extras\thymeleaf-extras-java8time\3.0.4.RELEASE\thymeleaf-extras-java8time-3.0.4.RELEASE.jar;C:\Users\mudod\.m2\repository\org\springframework\boot\s
Launcher Type: SUN_STANDARD

[Global flags]
     intx CICompilerCount                          = 4                                         {product} {ergonomic}
     uint ConcGCThreads                            = 2                                         {product} {ergonomic}
     uint G1ConcRefinementThreads                  = 8                                         {product} {ergonomic}
   size_t G1HeapRegionSize                         = 1048576                                   {product} {ergonomic}
    uintx GCDrainStackTargetSize                   = 64                                        {product} {ergonomic}
   size_t InitialHeapSize                          = 117440512                                 {product} {ergonomic}
     bool ManagementServer                         = true                                      {product} {command line}
   size_t MarkStackSize                            = 4194304                                   {product} {ergonomic}
   size_t MaxHeapSize                              = 1862270976                                {product} {ergonomic}
   size_t MinHeapDeltaBytes                        = 1048576                                   {product} {ergonomic}
   size_t MinHeapSize                              = 8388608                                   {product} {ergonomic}
    uintx NonNMethodCodeHeapSize                   = 7549744                                {pd product} {ergonomic}
    uintx NonProfiledCodeHeapSize                  = 244108496                              {pd product} {ergonomic}
    uintx ProfiledCodeHeapSize                     = 0                                      {pd product} {ergonomic}
    uintx ReservedCodeCacheSize                    = 251658240                              {pd product} {ergonomic}
     bool SegmentedCodeCache                       = true                                      {product} {ergonomic}
   size_t SoftMaxHeapSize                          = 1862270976                             {manageable} {ergonomic}
     intx TieredStopAtLevel                        = 1                                         {product} {command line}
     bool UseCompressedClassPointers               = true                                 {lp64_product} {ergonomic}
     bool UseCompressedOops                        = true                                 {lp64_product} {ergonomic}
     bool UseG1GC                                  = true                                      {product} {ergonomic}
     bool UseLargePagesIndividualAllocation        = false                                  {pd product} {ergonomic}

Logging:
Log output configuration:
 #0: stdout all=warning uptime,level,tags
 #1: stderr all=off uptime,level,tags

Environment Variables:
JAVA_HOME=C:\Program Files\Java\jdk-14.0.2
PATH=C:\Program Files (x86)\Common Files\Oracle\Java\javapath;C:\apache-maven-3.6.3\bin;C:\apache-maven-3.6.3\bin;C:\Users\mudod\AppData\Local\atom\bin
USERNAME=mudod
OS=Windows_NT
PROCESSOR_IDENTIFIER=AMD64 Family 23 Model 24 Stepping 1, AuthenticAMD



---------------  S Y S T E M  ---------------

OS: Windows 10 , 64 bit Build 18362 (10.0.18362.1110)
OS uptime: 1 days 14:52 hours

CPU:total 8 (initial active 8) (8 cores per cpu, 2 threads per core) family 23 model 24 stepping 1, cmov, cx8, fxsr, mmx, sse, sse2, sse3, ssse3, sse4.1, sse4.2, popcnt, avx, avx2, aes, clmul, mmxext, 3dnowpref, lzcnt, sse4a, ht, tsc, tscinvbit, tscinv, bmi1, bmi2, adx, sha, fma

Memory: 4k page, system-wide physical 7103M (674M free)
TotalPageFile size 11199M (AvailPageFile size 71M)
current process WorkingSet (physical memory assigned to process): 10M, peak: 10M
current process commit charge ("private bytes"): 57M, peak: 169M

vm_info: Java HotSpot(TM) 64-Bit Server VM (14.0.2+12-46) for windows-amd64 JRE (14.0.2+12-46), built on Jul  9 2020 00:35:52 by "mach5one" with MS VC++ 15.9 (VS2017)

END.
